go: downloading github.com/jackc/pgx/v5 v5.9.2
go: downloading github.com/a-h/templ v0.3.1001
go: downloading github.com/aws/aws-sdk-go-v2 v1.41.6
go: downloading github.com/aws/aws-sdk-go-v2/config v1.32.16
go: downloading github.com/aws/aws-sdk-go-v2/credentials v1.19.15
go: downloading github.com/aws/aws-sdk-go-v2/service/s3 v1.100.0
go: downloading github.com/golang-migrate/migrate/v4 v4.19.1
go: downloading github.com/redis/rueidis v1.0.74
go: downloading golang.org/x/crypto v0.45.0
go: downloading github.com/Masterminds/squirrel v1.5.4
go: downloading github.com/lann/builder v0.0.0-20180802200727-47ae307949d0
go: downloading github.com/lann/ps v0.0.0-20150810152359-62de8c46ede0
go: downloading golang.org/x/sys v0.39.0
go: downloading github.com/aws/smithy-go v1.25.0
go: downloading github.com/aws/aws-sdk-go-v2/feature/ec2/imds v1.18.22
go: downloading github.com/aws/aws-sdk-go-v2/service/signin v1.0.10
go: downloading github.com/aws/aws-sdk-go-v2/service/sso v1.30.16
go: downloading github.com/aws/aws-sdk-go-v2/service/ssooidc v1.35.20
go: downloading github.com/aws/aws-sdk-go-v2/service/sts v1.42.0
go: downloading github.com/jackc/pgerrcode v0.0.0-20220416144525-469b46aa5efa
go: downloading github.com/aws/aws-sdk-go-v2/internal/configsources v1.4.22
go: downloading github.com/aws/aws-sdk-go-v2/aws/protocol/eventstream v1.7.9
go: downloading github.com/aws/aws-sdk-go-v2/internal/v4a v1.4.23
go: downloading github.com/aws/aws-sdk-go-v2/service/internal/checksum v1.9.14
go: downloading github.com/aws/aws-sdk-go-v2/service/internal/presigned-url v1.13.22
go: downloading github.com/aws/aws-sdk-go-v2/service/internal/accept-encoding v1.13.8
go: downloading github.com/aws/aws-sdk-go-v2/service/internal/s3shared v1.19.22
go: downloading github.com/jackc/puddle/v2 v2.2.2
go: downloading github.com/jackc/pgpassfile v1.0.0
go: downloading github.com/jackc/pgservicefile v0.0.0-20240606120523-5a60cdf6a761
go: downloading golang.org/x/text v0.32.0
go: downloading github.com/aws/aws-sdk-go-v2/internal/endpoints/v2 v2.7.22
go: downloading golang.org/x/sync v0.19.0
